ERROR: [generic] '<tvg-id>' is not a valid URL
Error for ~~ FORMAT: <channel name>: ERROR: [generic] '<tvg-id>' is not a valid URL
ERROR: [generic] '' is not a valid URL
Error for Jamuna TV: ERROR: [generic] '' is not a valid URL
ERROR: [generic] '' is not a valid URL
Error for Channel i: ERROR: [generic] '' is not a valid URL
ERROR: [generic] '' is not a valid URL
Error for NTV: ERROR: [generic] '' is not a valid URL
ERROR: [generic] '' is not a valid URL
Error for Somoy TV: ERROR: [generic] '' is not a valid URL
ERROR: [generic] '' is not a valid URL
Error for ATN News: ERROR: [generic] '' is not a valid URL
ERROR: [generic] '' is not a valid URL
Error for Independent TV: ERROR: [generic] '' is not a valid URL
ERROR: [generic] '' is not a valid URL
Error for Rtv: ERROR: [generic] '' is not a valid URL
ERROR: [generic] '' is not a valid URL
Error for DBC News: ERROR: [generic] '' is not a valid URL
ERROR: [generic] '' is not a valid URL
Error for Ekhon TV: ERROR: [generic] '' is not a valid URL
ERROR: [generic] '' is not a valid URL
Error for Channel 24: ERROR: [generic] '' is not a valid URL
ERROR: [generic] '' is not a valid URL
Error for News24: ERROR: [generic] '' is not a valid URL
ERROR: [generic] '' is not a valid URL
Error for Desh TV: ERROR: [generic] '' is not a valid URL
ERROR: [generic] '' is not a valid URL
Error for Rtv Music: ERROR: [generic] '' is not a valid URL
ERROR: [generic] '' is not a valid URL
Error for Arirang TV: ERROR: [generic] '' is not a valid URL
ERROR: [generic] '' is not a valid URL
Error for CNA: ERROR: [generic] '' is not a valid URL
ERROR: [generic] '' is not a valid URL
Error for LiveNOW from FOX: ERROR: [generic] '' is not a valid URL
ERROR: [generic] '' is not a valid URL
Error for Sky News: ERROR: [generic] '' is not a valid URL
ERROR: [generic] '' is not a valid URL
Error for FOX Weather: ERROR: [generic] '' is not a valid URL
